<?xml version="1.0" encoding="UTF-8"?>
<testsuite xmlns:xsi="http://www.w3.org/2001/XMLSchema-instance" xsi:noNamespaceSchemaLocation="https://maven.apache.org/surefire/maven-surefire-plugin/xsd/surefire-test-report.xsd" name="org.apache.commons.io.filefilter.FileFilterTestCase" time="2.097" tests="48" errors="0" skipped="1" failures="0">
  <properties>
    <property name="java.specification.version" value="23"/>
    <property name="sun.jnu.encoding" value="UTF-8"/>
    <property name="java.class.path" value="/Users/davidkatunin/Desktop/SE333-Assignment4/target/test-classes:/Users/davidkatunin/Desktop/SE333-Assignment4/target/classes:/Users/davidkatunin/.m2/repository/junit/junit/4.12/junit-4.12.jar:/Users/davidkatunin/.m2/repository/org/hamcrest/hamcrest-core/1.3/hamcrest-core-1.3.jar:/Users/davidkatunin/.m2/repository/com/google/jimfs/jimfs/1.1/jimfs-1.1.jar:/Users/davidkatunin/.m2/repository/com/google/guava/guava/18.0/guava-18.0.jar:/Users/davidkatunin/.m2/repository/org/apache/commons/commons-lang3/3.8.1/commons-lang3-3.8.1.jar:"/>
    <property name="java.vm.vendor" value="Homebrew"/>
    <property name="sun.arch.data.model" value="64"/>
    <property name="java.vendor.url" value="https://github.com/Homebrew/homebrew-core/issues"/>
    <property name="os.name" value="Mac OS X"/>
    <property name="java.vm.specification.version" value="23"/>
    <property name="sun.java.launcher" value="SUN_STANDARD"/>
    <property name="user.country" value="US"/>
    <property name="sun.boot.library.path" value="/opt/homebrew/Cellar/openjdk/23.0.2/libexec/openjdk.jdk/Contents/Home/lib"/>
    <property name="sun.java.command" value="/Users/davidkatunin/Desktop/SE333-Assignment4/target/surefire/surefirebooter16872214808270164984.jar /Users/davidkatunin/Desktop/SE333-Assignment4/target/surefire 2025-02-18T18-38-24_388-jvmRun1 surefire10199414021498273009tmp surefire_163596494416292388545tmp"/>
    <property name="http.nonProxyHosts" value="local|*.local|169.254/16|*.169.254/16"/>
    <property name="jdk.debug" value="release"/>
    <property name="surefire.test.class.path" value="/Users/davidkatunin/Desktop/SE333-Assignment4/target/test-classes:/Users/davidkatunin/Desktop/SE333-Assignment4/target/classes:/Users/davidkatunin/.m2/repository/junit/junit/4.12/junit-4.12.jar:/Users/davidkatunin/.m2/repository/org/hamcrest/hamcrest-core/1.3/hamcrest-core-1.3.jar:/Users/davidkatunin/.m2/repository/com/google/jimfs/jimfs/1.1/jimfs-1.1.jar:/Users/davidkatunin/.m2/repository/com/google/guava/guava/18.0/guava-18.0.jar:/Users/davidkatunin/.m2/repository/org/apache/commons/commons-lang3/3.8.1/commons-lang3-3.8.1.jar:"/>
    <property name="sun.cpu.endian" value="little"/>
    <property name="user.home" value="/Users/davidkatunin"/>
    <property name="user.language" value="en"/>
    <property name="java.specification.vendor" value="Oracle Corporation"/>
    <property name="java.version.date" value="2025-01-21"/>
    <property name="java.home" value="/opt/homebrew/Cellar/openjdk/23.0.2/libexec/openjdk.jdk/Contents/Home"/>
    <property name="file.separator" value="/"/>
    <property name="basedir" value="/Users/davidkatunin/Desktop/SE333-Assignment4"/>
    <property name="java.vm.compressedOopsMode" value="Zero based"/>
    <property name="line.separator" value="&#10;"/>
    <property name="java.vm.specification.vendor" value="Oracle Corporation"/>
    <property name="java.specification.name" value="Java Platform API Specification"/>
    <property name="apple.awt.application.name" value="ForkedBooter"/>
    <property name="surefire.real.class.path" value="/Users/davidkatunin/Desktop/SE333-Assignment4/target/surefire/surefirebooter16872214808270164984.jar"/>
    <property name="sun.management.compiler" value="HotSpot 64-Bit Tiered Compilers"/>
    <property name="ftp.nonProxyHosts" value="local|*.local|169.254/16|*.169.254/16"/>
    <property name="java.runtime.version" value="23.0.2"/>
    <property name="user.name" value="davidkatunin"/>
    <property name="stdout.encoding" value="UTF-8"/>
    <property name="path.separator" value=":"/>
    <property name="os.version" value="15.2"/>
    <property name="java.runtime.name" value="OpenJDK Runtime Environment"/>
    <property name="file.encoding" value="UTF-8"/>
    <property name="java.vm.name" value="OpenJDK 64-Bit Server VM"/>
    <property name="java.vendor.version" value="Homebrew"/>
    <property name="localRepository" value="/Users/davidkatunin/.m2/repository"/>
    <property name="java.vendor.url.bug" value="https://github.com/Homebrew/homebrew-core/issues"/>
    <property name="java.io.tmpdir" value="/var/folders/rq/g2m085wn2t106jp356pxfdjr0000gn/T/"/>
    <property name="java.version" value="23.0.2"/>
    <property name="user.dir" value="/Users/davidkatunin/Desktop/SE333-Assignment4"/>
    <property name="os.arch" value="aarch64"/>
    <property name="java.vm.specification.name" value="Java Virtual Machine Specification"/>
    <property name="native.encoding" value="UTF-8"/>
    <property name="java.library.path" value="/Users/davidkatunin/Library/Java/Extensions:/Library/Java/Extensions:/Network/Library/Java/Extensions:/System/Library/Java/Extensions:/usr/lib/java:."/>
    <property name="java.vm.info" value="mixed mode, sharing"/>
    <property name="stderr.encoding" value="UTF-8"/>
    <property name="java.vendor" value="Homebrew"/>
    <property name="java.vm.version" value="23.0.2"/>
    <property name="sun.io.unicode.encoding" value="UnicodeBig"/>
    <property name="socksNonProxyHosts" value="local|*.local|169.254/16|*.169.254/16"/>
    <property name="java.class.version" value="67.0"/>
  </properties>
  <testcase name="testFileFilterUtils_or" classname="org.apache.commons.io.filefilter.FileFilterTestCase" time="0.021"/>
  <testcase name="testMakeSVNAware" classname="org.apache.commons.io.filefilter.FileFilterTestCase" time="0.003"/>
  <testcase name="testMagicNumberFileFilterValidation" classname="org.apache.commons.io.filefilter.FileFilterTestCase" time="0.001"/>
  <testcase name="testNameFilter" classname="org.apache.commons.io.filefilter.FileFilterTestCase" time="0.001"/>
  <testcase name="testMagicNumberFileFilterString" classname="org.apache.commons.io.filefilter.FileFilterTestCase" time="0.002"/>
  <testcase name="testFilterArray" classname="org.apache.commons.io.filefilter.FileFilterTestCase" time="0.001"/>
  <testcase name="testMagicNumberFileFilterBytesOffset" classname="org.apache.commons.io.filefilter.FileFilterTestCase" time="0.002"/>
  <testcase name="testAnd" classname="org.apache.commons.io.filefilter.FileFilterTestCase" time="0"/>
  <testcase name="testNot" classname="org.apache.commons.io.filefilter.FileFilterTestCase" time="0.001"/>
  <testcase name="testDeprecatedWildcard" classname="org.apache.commons.io.filefilter.FileFilterTestCase" time="0.001"/>
  <testcase name="testEmpty" classname="org.apache.commons.io.filefilter.FileFilterTestCase" time="0.001"/>
  <testcase name="testFalse" classname="org.apache.commons.io.filefilter.FileFilterTestCase" time="0"/>
  <testcase name="testFiles" classname="org.apache.commons.io.filefilter.FileFilterTestCase" time="0.001"/>
  <testcase name="testTrue" classname="org.apache.commons.io.filefilter.FileFilterTestCase" time="0"/>
  <testcase name="testFileFilterUtils_and" classname="org.apache.commons.io.filefilter.FileFilterTestCase" time="0"/>
  <testcase name="testPrefixCaseInsensitive" classname="org.apache.commons.io.filefilter.FileFilterTestCase" time="0.001"/>
  <testcase name="testOr" classname="org.apache.commons.io.filefilter.FileFilterTestCase" time="0"/>
  <testcase name="testWildcard" classname="org.apache.commons.io.filefilter.FileFilterTestCase" time="0.001"/>
  <testcase name="testDirectory" classname="org.apache.commons.io.filefilter.FileFilterTestCase" time="0.001"/>
  <testcase name="testNameFilterNullListArgument" classname="org.apache.commons.io.filefilter.FileFilterTestCase" time="0"/>
  <testcase name="testFilterSet_fromArray" classname="org.apache.commons.io.filefilter.FileFilterTestCase" time="0"/>
  <testcase name="testFilterSet" classname="org.apache.commons.io.filefilter.FileFilterTestCase" time="0.001"/>
  <testcase name="testFilterSetNullParameters" classname="org.apache.commons.io.filefilter.FileFilterTestCase" time="0"/>
  <testcase name="testEnsureTestCoverage" classname="org.apache.commons.io.filefilter.FileFilterTestCase" time="0"/>
  <testcase name="testNameFilterNullArgument" classname="org.apache.commons.io.filefilter.FileFilterTestCase" time="0.001"/>
  <testcase name="testNullFilters" classname="org.apache.commons.io.filefilter.FileFilterTestCase" time="0"/>
  <testcase name="testCanRead" classname="org.apache.commons.io.filefilter.FileFilterTestCase" time="0.001"/>
  <testcase name="testMakeCVSAware" classname="org.apache.commons.io.filefilter.FileFilterTestCase" time="0.001"/>
  <testcase name="testMagicNumberFileFilterBytes" classname="org.apache.commons.io.filefilter.FileFilterTestCase" time="0.001"/>
  <testcase name="testMagicNumberFileFilterStringOffset" classname="org.apache.commons.io.filefilter.FileFilterTestCase" time="0.001"/>
  <testcase name="testDelegateFileFilter" classname="org.apache.commons.io.filefilter.FileFilterTestCase" time="0.001"/>
  <testcase name="testCanWrite" classname="org.apache.commons.io.filefilter.FileFilterTestCase" time="0.001"/>
  <testcase name="testNameFilterNullArrayArgument" classname="org.apache.commons.io.filefilter.FileFilterTestCase" time="0"/>
  <testcase name="testDelegation" classname="org.apache.commons.io.filefilter.FileFilterTestCase" time="0"/>
  <testcase name="testFilterListNullParameters" classname="org.apache.commons.io.filefilter.FileFilterTestCase" time="0.001"/>
  <testcase name="testCanExecute" classname="org.apache.commons.io.filefilter.FileFilterTestCase" time="0">
    <skipped message="got: &lt;false&gt;, expected: is &lt;true&gt;"/>
  </testcase>
  <testcase name="testFilterList_fromArray" classname="org.apache.commons.io.filefilter.FileFilterTestCase" time="0"/>
  <testcase name="testSizeFilter" classname="org.apache.commons.io.filefilter.FileFilterTestCase" time="0.001"/>
  <testcase name="testFilterArrayNullParameters" classname="org.apache.commons.io.filefilter.FileFilterTestCase" time="0"/>
  <testcase name="testMakeDirectoryOnly" classname="org.apache.commons.io.filefilter.FileFilterTestCase" time="0.001"/>
  <testcase name="testHidden" classname="org.apache.commons.io.filefilter.FileFilterTestCase" time="0.001"/>
  <testcase name="testMakeFileOnly" classname="org.apache.commons.io.filefilter.FileFilterTestCase" time="0"/>
  <testcase name="testFilterArray_fromList" classname="org.apache.commons.io.filefilter.FileFilterTestCase" time="0.001"/>
  <testcase name="testPrefix" classname="org.apache.commons.io.filefilter.FileFilterTestCase" time="0"/>
  <testcase name="testSuffix" classname="org.apache.commons.io.filefilter.FileFilterTestCase" time="0"/>
  <testcase name="testSuffixCaseInsensitive" classname="org.apache.commons.io.filefilter.FileFilterTestCase" time="0.001"/>
  <testcase name="testFilterList" classname="org.apache.commons.io.filefilter.FileFilterTestCase" time="0"/>
  <testcase name="testAgeFilter" classname="org.apache.commons.io.filefilter.FileFilterTestCase" time="2.016"/>
</testsuite>