<?xml version="1.0" encoding="UTF-8"?>
<testsuite xmlns:xsi="http://www.w3.org/2001/XMLSchema-instance" xsi:noNamespaceSchemaLocation="https://maven.apache.org/surefire/maven-surefire-plugin/xsd/surefire-test-report.xsd" name="org.apache.commons.io.input.BOMInputStreamTest" time="0.067" tests="44" errors="0" skipped="1" failures="0">
  <properties>
    <property name="java.specification.version" value="23"/>
    <property name="sun.jnu.encoding" value="UTF-8"/>
    <property name="java.class.path" value="/Users/davidkatunin/Desktop/SE333-Assignment4/target/test-classes:/Users/davidkatunin/Desktop/SE333-Assignment4/target/classes:/Users/davidkatunin/.m2/repository/junit/junit/4.12/junit-4.12.jar:/Users/davidkatunin/.m2/repository/org/hamcrest/hamcrest-core/1.3/hamcrest-core-1.3.jar:/Users/davidkatunin/.m2/repository/com/google/jimfs/jimfs/1.1/jimfs-1.1.jar:/Users/davidkatunin/.m2/repository/com/google/guava/guava/18.0/guava-18.0.jar:/Users/davidkatunin/.m2/repository/org/apache/commons/commons-lang3/3.8.1/commons-lang3-3.8.1.jar:"/>
    <property name="java.vm.vendor" value="Homebrew"/>
    <property name="sun.arch.data.model" value="64"/>
    <property name="java.vendor.url" value="https://github.com/Homebrew/homebrew-core/issues"/>
    <property name="os.name" value="Mac OS X"/>
    <property name="java.vm.specification.version" value="23"/>
    <property name="sun.java.launcher" value="SUN_STANDARD"/>
    <property name="user.country" value="US"/>
    <property name="sun.boot.library.path" value="/opt/homebrew/Cellar/openjdk/23.0.2/libexec/openjdk.jdk/Contents/Home/lib"/>
    <property name="sun.java.command" value="/Users/davidkatunin/Desktop/SE333-Assignment4/target/surefire/surefirebooter16433294934361551605.jar /Users/davidkatunin/Desktop/SE333-Assignment4/target/surefire 2025-02-18T18-38-24_388-jvmRun1 surefire11844402098849316598tmp surefire_244325572874598618589tmp"/>
    <property name="http.nonProxyHosts" value="local|*.local|169.254/16|*.169.254/16"/>
    <property name="jdk.debug" value="release"/>
    <property name="surefire.test.class.path" value="/Users/davidkatunin/Desktop/SE333-Assignment4/target/test-classes:/Users/davidkatunin/Desktop/SE333-Assignment4/target/classes:/Users/davidkatunin/.m2/repository/junit/junit/4.12/junit-4.12.jar:/Users/davidkatunin/.m2/repository/org/hamcrest/hamcrest-core/1.3/hamcrest-core-1.3.jar:/Users/davidkatunin/.m2/repository/com/google/jimfs/jimfs/1.1/jimfs-1.1.jar:/Users/davidkatunin/.m2/repository/com/google/guava/guava/18.0/guava-18.0.jar:/Users/davidkatunin/.m2/repository/org/apache/commons/commons-lang3/3.8.1/commons-lang3-3.8.1.jar:"/>
    <property name="sun.cpu.endian" value="little"/>
    <property name="user.home" value="/Users/davidkatunin"/>
    <property name="user.language" value="en"/>
    <property name="java.specification.vendor" value="Oracle Corporation"/>
    <property name="java.version.date" value="2025-01-21"/>
    <property name="java.home" value="/opt/homebrew/Cellar/openjdk/23.0.2/libexec/openjdk.jdk/Contents/Home"/>
    <property name="file.separator" value="/"/>
    <property name="basedir" value="/Users/davidkatunin/Desktop/SE333-Assignment4"/>
    <property name="java.vm.compressedOopsMode" value="Zero based"/>
    <property name="line.separator" value="&#10;"/>
    <property name="java.vm.specification.vendor" value="Oracle Corporation"/>
    <property name="java.specification.name" value="Java Platform API Specification"/>
    <property name="apple.awt.application.name" value="ForkedBooter"/>
    <property name="surefire.real.class.path" value="/Users/davidkatunin/Desktop/SE333-Assignment4/target/surefire/surefirebooter16433294934361551605.jar"/>
    <property name="sun.management.compiler" value="HotSpot 64-Bit Tiered Compilers"/>
    <property name="ftp.nonProxyHosts" value="local|*.local|169.254/16|*.169.254/16"/>
    <property name="java.runtime.version" value="23.0.2"/>
    <property name="user.name" value="davidkatunin"/>
    <property name="stdout.encoding" value="UTF-8"/>
    <property name="path.separator" value=":"/>
    <property name="os.version" value="15.2"/>
    <property name="java.runtime.name" value="OpenJDK Runtime Environment"/>
    <property name="file.encoding" value="UTF-8"/>
    <property name="java.vm.name" value="OpenJDK 64-Bit Server VM"/>
    <property name="java.vendor.version" value="Homebrew"/>
    <property name="localRepository" value="/Users/davidkatunin/.m2/repository"/>
    <property name="java.vendor.url.bug" value="https://github.com/Homebrew/homebrew-core/issues"/>
    <property name="java.io.tmpdir" value="/var/folders/rq/g2m085wn2t106jp356pxfdjr0000gn/T/"/>
    <property name="java.version" value="23.0.2"/>
    <property name="user.dir" value="/Users/davidkatunin/Desktop/SE333-Assignment4"/>
    <property name="os.arch" value="aarch64"/>
    <property name="java.vm.specification.name" value="Java Virtual Machine Specification"/>
    <property name="native.encoding" value="UTF-8"/>
    <property name="java.library.path" value="/Users/davidkatunin/Library/Java/Extensions:/Library/Java/Extensions:/Network/Library/Java/Extensions:/System/Library/Java/Extensions:/usr/lib/java:."/>
    <property name="java.vm.info" value="mixed mode, sharing"/>
    <property name="stderr.encoding" value="UTF-8"/>
    <property name="java.vendor" value="Homebrew"/>
    <property name="java.vm.version" value="23.0.2"/>
    <property name="sun.io.unicode.encoding" value="UnicodeBig"/>
    <property name="socksNonProxyHosts" value="local|*.local|169.254/16|*.169.254/16"/>
    <property name="java.class.version" value="67.0"/>
  </properties>
  <testcase name="testEmptyBufferWithoutBOM" classname="org.apache.commons.io.input.BOMInputStreamTest" time="0.002"/>
  <testcase name="testReadTwiceWithoutBOM" classname="org.apache.commons.io.input.BOMInputStreamTest" time="0.001"/>
  <testcase name="testReadXmlWithoutBOMUtf32Be" classname="org.apache.commons.io.input.BOMInputStreamTest" time="0.023"/>
  <testcase name="testReadXmlWithoutBOMUtf32Le" classname="org.apache.commons.io.input.BOMInputStreamTest" time="0.002"/>
  <testcase name="testReadWithoutBOM" classname="org.apache.commons.io.input.BOMInputStreamTest" time="0"/>
  <testcase name="testClose" classname="org.apache.commons.io.input.BOMInputStreamTest" time="0"/>
  <testcase name="testEmptyBufferWithBOM" classname="org.apache.commons.io.input.BOMInputStreamTest" time="0"/>
  <testcase name="testSkipWithBOM" classname="org.apache.commons.io.input.BOMInputStreamTest" time="0"/>
  <testcase name="testReadWithBOMUtf8" classname="org.apache.commons.io.input.BOMInputStreamTest" time="0.001"/>
  <testcase name="testReadEmpty" classname="org.apache.commons.io.input.BOMInputStreamTest" time="0"/>
  <testcase name="testReadSmall" classname="org.apache.commons.io.input.BOMInputStreamTest" time="0"/>
  <testcase name="testReadWithBOMInclude" classname="org.apache.commons.io.input.BOMInputStreamTest" time="0"/>
  <testcase name="testLargeBufferWithBOM" classname="org.apache.commons.io.input.BOMInputStreamTest" time="0"/>
  <testcase name="testSmallBufferWithoutBOM" classname="org.apache.commons.io.input.BOMInputStreamTest" time="0"/>
  <testcase name="testLeadingNonBOMSingleRead" classname="org.apache.commons.io.input.BOMInputStreamTest" time="0"/>
  <testcase name="testGetBOMFirstThenReadInclude" classname="org.apache.commons.io.input.BOMInputStreamTest" time="0.001"/>
  <testcase name="testMarkResetBeforeReadWithoutBOM" classname="org.apache.commons.io.input.BOMInputStreamTest" time="0"/>
  <testcase name="testSmallBufferWithBOM" classname="org.apache.commons.io.input.BOMInputStreamTest" time="0"/>
  <testcase name="skipReturnValueWithoutBom" classname="org.apache.commons.io.input.BOMInputStreamTest" time="0"/>
  <testcase name="testGetBOMFirstThenRead" classname="org.apache.commons.io.input.BOMInputStreamTest" time="0"/>
  <testcase name="testAvailableWithoutBOM" classname="org.apache.commons.io.input.BOMInputStreamTest" time="0"/>
  <testcase name="testLeadingNonBOMBufferedRead" classname="org.apache.commons.io.input.BOMInputStreamTest" time="0"/>
  <testcase name="testMarkResetAfterReadWithBOM" classname="org.apache.commons.io.input.BOMInputStreamTest" time="0.001"/>
  <testcase name="testMarkResetBeforeReadWithBOM" classname="org.apache.commons.io.input.BOMInputStreamTest" time="0"/>
  <testcase name="testReadWithMultipleBOM" classname="org.apache.commons.io.input.BOMInputStreamTest" time="0"/>
  <testcase name="testSkipWithoutBOM" classname="org.apache.commons.io.input.BOMInputStreamTest" time="0"/>
  <testcase name="testReadXmlWithBOMUtf16Be" classname="org.apache.commons.io.input.BOMInputStreamTest" time="0.001"/>
  <testcase name="testReadXmlWithBOMUtf16Le" classname="org.apache.commons.io.input.BOMInputStreamTest" time="0.001"/>
  <testcase name="testReadXmlWithBOMUtf32Be" classname="org.apache.commons.io.input.BOMInputStreamTest" time="0.003"/>
  <testcase name="testReadXmlWithBOMUtf32Le" classname="org.apache.commons.io.input.BOMInputStreamTest" time="0.001"/>
  <testcase name="skipReturnValueWithBom" classname="org.apache.commons.io.input.BOMInputStreamTest" time="0"/>
  <testcase name="testReadXmlWithBOMUcs2" classname="org.apache.commons.io.input.BOMInputStreamTest" time="0.002"/>
  <testcase name="testReadXmlWithBOMUcs4" classname="org.apache.commons.io.input.BOMInputStreamTest" time="0">
    <skipped message="got: &lt;false&gt;, expected: is &lt;true&gt;"/>
  </testcase>
  <testcase name="testReadXmlWithBOMUtf8" classname="org.apache.commons.io.input.BOMInputStreamTest" time="0"/>
  <testcase name="testMarkResetAfterReadWithoutBOM" classname="org.apache.commons.io.input.BOMInputStreamTest" time="0"/>
  <testcase name="testLargeBufferWithoutBOM" classname="org.apache.commons.io.input.BOMInputStreamTest" time="0"/>
  <testcase name="testReadTwiceWithBOM" classname="org.apache.commons.io.input.BOMInputStreamTest" time="0"/>
  <testcase name="testNoBoms" classname="org.apache.commons.io.input.BOMInputStreamTest" time="0"/>
  <testcase name="testSupportCode" classname="org.apache.commons.io.input.BOMInputStreamTest" time="0.001"/>
  <testcase name="testReadWithBOMUtf16Be" classname="org.apache.commons.io.input.BOMInputStreamTest" time="0"/>
  <testcase name="testReadWithBOMUtf16Le" classname="org.apache.commons.io.input.BOMInputStreamTest" time="0"/>
  <testcase name="testReadWithBOMUtf32Be" classname="org.apache.commons.io.input.BOMInputStreamTest" time="0"/>
  <testcase name="testReadWithBOMUtf32Le" classname="org.apache.commons.io.input.BOMInputStreamTest" time="0"/>
  <testcase name="testAvailableWithBOM" classname="org.apache.commons.io.input.BOMInputStreamTest" time="0"/>
</testsuite>